==== 2026-02-12 17:49:47 KST collector start ====
==== 2026-02-12 17:49:53 KST collector start ====
collector: success -> /Users/minyeop/SPACE/stock_feed_inbox.md
==== 2026-02-12 17:50:51 KST collector start ====
collector: success -> /Users/minyeop/SPACE/stock_feed_inbox.md
mv: /Users/minyeop/SPACE/.stock_feed_inbox.tmp: No such file or directory
collector: success -> /Users/minyeop/SPACE/stock_feed_inbox.md
==== 2026-02-12 22:06:44 KST collector start ====
collector: success -> /Users/minyeop/SPACE/stock_feed_inbox.md
==== 2026-02-13 11:57:04 KST collector start ====
collector: success -> /Users/minyeop/SPACE/stock_feed_inbox.md
==== 2026-02-13 12:07:05 KST collector start ====
collector: success -> /Users/minyeop/SPACE/stock_feed_inbox.md
==== 2026-02-13 13:53:45 KST collector start ====
==== 2026-02-13 13:53:51 KST collector start ====
collector: success -> /Users/minyeop/ai app/stock-space-brief/stock_feed_inbox.md
mv: /Users/minyeop/ai app/stock-space-brief/.stock_feed_inbox.tmp: No such file or directory
collector: success -> /Users/minyeop/ai app/stock-space-brief/stock_feed_inbox.md
==== 2026-02-13 13:55:14 KST collector start ====
==== 2026-02-13 13:55:40 KST collector start ====
collector: success -> /Users/minyeop/ai app/stock-space-brief/stock_feed_inbox.md
collector: success -> /Users/minyeop/ai app/stock-space-brief/stock_feed_inbox.md
